<component name="libraryTable">
  <library name="junit:junit:4.12" type="repository">
    <properties maven-id="junit:junit:4.12">
      <exclude>
        <dependency maven-id="org.hamcrest:hamcrest-core" />
      </exclude>
    </properties>
    <CLASSES>
      <root url="jar://$USER_HOME$/.m2/repository/junit/junit/4.12/junit-4.12.jar!/" />
    </CLASSES>
    <JAVADOC />
    <SOURCES />
  </library>
</component>